This is pdfTeX, Version 3.14159265-2.6-1.40.17 (TeX Live 2016) (preloaded format=latex 2017.2.20)  29 OCT 2018 21:22
entering extended mode
 restricted \write18 enabled.
 %&-line parsing enabled.
**the_iris_project.aux
(./the_iris_project.aux
LaTeX2e <2016/03/31>
Babel <3.9r> and hyphenation patterns for 83 language(s) loaded.
! You can't use `\spacefactor' in vertical mode.
\@->\spacefactor 
                 \@m {}
l.2 \@
      input{texs/intro.aux}
? cc
Type <return> to proceed, S to scroll future error messages,
R to run without stopping, Q to run quietly,
I to insert something, E to edit your file,
1 or ... or 9 to ignore the next 1 to 9 tokens of input,
H for help, X to quit.
? x
 
Here is how much of TeX's memory you used:
 5 strings out of 493015
 163 string characters out of 6133377
 53598 words of memory out of 5000000
 3648 multiletter control sequences out of 15000+600000
 3640 words of font info for 14 fonts, out of 8000000 for 9000
 1141 hyphenation exceptions out of 8191
 5i,0n,1p,49b,8s stack positions out of 5000i,500n,10000p,200000b,80000s
No pages of output.
